<?xml version="1.0" encoding="UTF-8"?>
<!-- Generated by org.testng.reporters.JUnitReportReporter -->
<testsuite hostname="DESKTOP-CB523E7" failures="0" tests="5" name="com.capital_Market.testcases.TC_logoutpage" time="11.697" errors="0" timestamp="2024-02-03T03:18:19 IST" skipped="0">
  <testcase classname="com.capital_Market.testcases.TC_logoutpage" name="test" time="0.011"/>
  <system-out/>
  <testcase classname="com.capital_Market.testcases.TC_logoutpage" name="checklogin" time="0.890"/>
  <system-out/>
  <testcase classname="com.capital_Market.testcases.TC_logoutpage" name="checklogout" time="0.200"/>
  <system-out/>
  <testcase classname="com.capital_Market.testcases.TC_logoutpage" name="checkimg" time="10.473"/>
  <system-out/>
  <testcase classname="com.capital_Market.testcases.TC_logoutpage" name="logout" time="0.123"/>
  <system-out/>
</testsuite> <!-- com.capital_Market.testcases.TC_logoutpage -->
