<?xml version="1.0" encoding="UTF-8"?>
<!-- Generated by org.testng.reporters.JUnitReportReporter -->
<testsuite hostname="DESKTOP-CB523E7" failures="0" tests="5" name="com.capital_Market.testcases.TC_logoutpage" time="9.945" errors="0" timestamp="2024-02-08T18:21:12 IST" skipped="0">
  <testcase classname="com.capital_Market.testcases.TC_logoutpage" name="test" time="0.057"/>
  <system-out/>
  <testcase classname="com.capital_Market.testcases.TC_logoutpage" name="checklogin" time="1.685"/>
  <system-out/>
  <testcase classname="com.capital_Market.testcases.TC_logoutpage" name="checklogout" time="0.133"/>
  <system-out/>
  <testcase classname="com.capital_Market.testcases.TC_logoutpage" name="checkimg" time="7.927"/>
  <system-out/>
  <testcase classname="com.capital_Market.testcases.TC_logoutpage" name="logout" time="0.143"/>
  <system-out/>
</testsuite> <!-- com.capital_Market.testcases.TC_logoutpage -->
