<?xml version="1.0" encoding="UTF-8"?>
<!-- Generated by org.testng.reporters.JUnitReportReporter -->
<testsuite hostname="DESKTOP-CB523E7" failures="0" tests="1" name="com.capital_Market.testcases.BaseClass" time="0.019" errors="0" timestamp="2024-02-03T02:22:32 IST" skipped="0">
  <testcase classname="com.capital_Market.testcases.BaseClass" name="test" time="0.019"/>
  <system-out/>
</testsuite> <!-- com.capital_Market.testcases.BaseClass -->
