<?xml version="1.0" encoding="UTF-8"?>
<!-- Generated by org.testng.reporters.JUnitReportReporter -->
<testsuite hostname="DESKTOP-CB523E7" failures="0" tests="5" name="com.capital_Market.testcases.TC_logoutpage" time="8.354" errors="0" timestamp="2024-02-03T03:51:36 IST" skipped="0">
  <testcase classname="com.capital_Market.testcases.TC_logoutpage" name="test" time="0.005"/>
  <system-out/>
  <testcase classname="com.capital_Market.testcases.TC_logoutpage" name="checklogin" time="0.688"/>
  <system-out/>
  <testcase classname="com.capital_Market.testcases.TC_logoutpage" name="checklogout" time="0.030"/>
  <system-out/>
  <testcase classname="com.capital_Market.testcases.TC_logoutpage" name="checkimg" time="7.506"/>
  <system-out/>
  <testcase classname="com.capital_Market.testcases.TC_logoutpage" name="logout" time="0.125"/>
  <system-out/>
</testsuite> <!-- com.capital_Market.testcases.TC_logoutpage -->
